
*** Running vivado
    with args -log sgdh_traffic_light_top_fpga.vdi -applog -m64 -product Vivado -messageDb vivado.pb -mode batch -source sgdh_traffic_light_top_fpga.tcl -notrace



****** Vivado v2022.1 (64-bit)
  **** SW Build 3526262 on Mon Apr 18 15:48:16 MDT 2022
  **** IP Build 3524634 on Mon Apr 18 20:55:01 MDT 2022
    ** Copyright 1986-2022 Xilinx, Inc. All Rights Reserved.

source sgdh_traffic_light_top_fpga.tcl -notrace
Command: link_design -top sgdh_traffic_light_top_fpga -part xc7z020clg400-1
Design is defaulting to srcset: sources_1
Design is defaulting to constrset: constrs_1
INFO: [Device 21-403] Loading part xc7z020clg400-1
Netlist sorting complete. Time (s): cpu = 00:00:00 ; elapsed = 00:00:00 . Memory (MB): peak = 1414.414 ; gain = 0.000
INFO: [Netlist 29-17] Analyzing 8 Unisim elements for replacement
INFO: [Netlist 29-28] Unisim Transformation completed in 0 CPU seconds
INFO: [Project 1-479] Netlist was created with Vivado 2022.1
INFO: [Project 1-570] Preparing netlist for logic optimization
Parsing XDC File [C:/fpga/SGDH_Traffic_Light/project_1/project_1.srcs/constrs_1/new/Zybo-Z7-Master.xdc]
Finished Parsing XDC File [C:/fpga/SGDH_Traffic_Light/project_1/project_1.srcs/constrs_1/new/Zybo-Z7-Master.xdc]
INFO: [Opt 31-138] Pushed 0 inverter(s) to 0 load pin(s).
Netlist sorting complete. Time (s): cpu = 00:00:00 ; elapsed = 00:00:00 . Memory (MB): peak = 1414.414 ; gain = 0.000
INFO: [Project 1-111] Unisim Transformation Summary:
No Unisim elements were transformed.

7 Infos, 0 Warnings, 0 Critical Warnings and 0 Errors encountered.
link_design completed successfully
Command: opt_design
Attempting to get a license for feature 'Implementation' and/or device 'xc7z020'
INFO: [Common 17-349] Got license for feature 'Implementation' and/or device 'xc7z020'
Running DRC as a precondition to command opt_design

Starting DRC Task
INFO: [DRC 23-27] Running DRC with 2 threads
INFO: [Project 1-461] DRC finished with 0 Errors
INFO: [Project 1-462] Please refer to the DRC report (report_drc) for more information.

Time (s): cpu = 00:00:00 ; elapsed = 00:00:00.975 . Memory (MB): peak = 1414.414 ; gain = 0.000

Starting Cache Timing Information Task
INFO: [Timing 38-35] Done setting XDC timing constraints.
Ending Cache Timing Information Task | Checksum: 1cf58899e

Time (s): cpu = 00:00:02 ; elapsed = 00:00:06 . Memory (MB): peak = 1635.031 ; gain = 220.617

Starting Logic Optimization Task

Phase 1 Retarget
INFO: [Opt 31-138] Pushed 0 inverter(s) to 0 load pin(s).
In IDDR TRANSFORM
INFO: [Opt 31-49] Retargeted 0 cell(s).
Phase 1 Retarget | Checksum: 1cf58899e

Time (s): cpu = 00:00:00 ; elapsed = 00:00:00.055 . Memory (MB): peak = 1946.441 ; gain = 0.000
INFO: [Opt 31-389] Phase Retarget created 0 cells and removed 0 cells

Phase 2 Constant propagation
INFO: [Opt 31-138] Pushed 0 inverter(s) to 0 load pin(s).
Phase 2 Constant propagation | Checksum: 1cf58899e

Time (s): cpu = 00:00:00 ; elapsed = 00:00:00.057 . Memory (MB): peak = 1946.441 ; gain = 0.000
INFO: [Opt 31-389] Phase Constant propagation created 0 cells and removed 0 cells

Phase 3 Sweep
Phase 3 Sweep | Checksum: 24d1322ef

Time (s): cpu = 00:00:00 ; elapsed = 00:00:00.065 . Memory (MB): peak = 1946.441 ; gain = 0.000
INFO: [Opt 31-389] Phase Sweep created 0 cells and removed 0 cells

Phase 4 BUFG optimization
Phase 4 BUFG optimization | Checksum: 24d1322ef

Time (s): cpu = 00:00:00 ; elapsed = 00:00:00.081 . Memory (MB): peak = 1946.441 ; gain = 0.000
INFO: [Opt 31-662] Phase BUFG optimization created 0 cells of which 0 are BUFGs and removed 0 cells.

Phase 5 Shift Register Optimization
INFO: [Opt 31-1064] SRL Remap converted 0 SRLs to 0 registers and converted 0 registers of register chains to 0 SRLs
Phase 5 Shift Register Optimization | Checksum: 24d1322ef

Time (s): cpu = 00:00:00 ; elapsed = 00:00:00.084 . Memory (MB): peak = 1946.441 ; gain = 0.000
INFO: [Opt 31-389] Phase Shift Register Optimization created 0 cells and removed 0 cells

Phase 6 Post Processing Netlist
Phase 6 Post Processing Netlist | Checksum: 24d1322ef

Time (s): cpu = 00:00:00 ; elapsed = 00:00:00.085 . Memory (MB): peak = 1946.441 ; gain = 0.000
INFO: [Opt 31-389] Phase Post Processing Netlist created 0 cells and removed 0 cells
Opt_design Change Summary
=========================


-------------------------------------------------------------------------------------------------------------------------
|  Phase                        |  #Cells created  |  #Cells Removed  |  #Constrained objects preventing optimizations  |
-------------------------------------------------------------------------------------------------------------------------
|  Retarget                     |               0  |               0  |                                              0  |
|  Constant propagation         |               0  |               0  |                                              0  |
|  Sweep                        |               0  |               0  |                                              0  |
|  BUFG optimization            |               0  |               0  |                                              0  |
|  Shift Register Optimization  |               0  |               0  |                                              0  |
|  Post Processing Netlist      |               0  |               0  |                                              0  |
-------------------------------------------------------------------------------------------------------------------------



Starting Connectivity Check Task

Time (s): cpu = 00:00:00 ; elapsed = 00:00:00 . Memory (MB): peak = 1946.441 ; gain = 0.000
Ending Logic Optimization Task | Checksum: 1ff92ce4e

Time (s): cpu = 00:00:00 ; elapsed = 00:00:00.090 . Memory (MB): peak = 1946.441 ; gain = 0.000

Starting Power Optimization Task
INFO: [Pwropt 34-132] Skipping clock gating for clocks with a period < 2.00 ns.
Ending Power Optimization Task | Checksum: 1ff92ce4e

Time (s): cpu = 00:00:00 ; elapsed = 00:00:00.013 . Memory (MB): peak = 1946.441 ; gain = 0.000

Starting Final Cleanup Task
Ending Final Cleanup Task | Checksum: 1ff92ce4e

Time (s): cpu = 00:00:00 ; elapsed = 00:00:00 . Memory (MB): peak = 1946.441 ; gain = 0.000

Starting Netlist Obfuscation Task
Netlist sorting complete. Time (s): cpu = 00:00:00 ; elapsed = 00:00:00 . Memory (MB): peak = 1946.441 ; gain = 0.000
Ending Netlist Obfuscation Task | Checksum: 1ff92ce4e

Time (s): cpu = 00:00:00 ; elapsed = 00:00:00 . Memory (MB): peak = 1946.441 ; gain = 0.000
INFO: [Common 17-83] Releasing license: Implementation
24 Infos, 0 Warnings, 0 Critical Warnings and 0 Errors encountered.
opt_design completed successfully
opt_design: Time (s): cpu = 00:00:03 ; elapsed = 00:00:09 . Memory (MB): peak = 1946.441 ; gain = 532.027
INFO: [Timing 38-480] Writing timing data to binary archive.
Writing XDEF routing.
Writing XDEF routing logical nets.
Writing XDEF routing special nets.
Write XDEF Complete: Time (s): cpu = 00:00:00 ; elapsed = 00:00:00.065 . Memory (MB): peak = 1946.441 ; gain = 0.000
INFO: [Common 17-1381] The checkpoint 'C:/fpga/SGDH_Traffic_Light/project_1/project_1.runs/impl_1/sgdh_traffic_light_top_fpga_opt.dcp' has been generated.
INFO: [runtcl-4] Executing : report_drc -file sgdh_traffic_light_top_fpga_drc_opted.rpt -pb sgdh_traffic_light_top_fpga_drc_opted.pb -rpx sgdh_traffic_light_top_fpga_drc_opted.rpx
Command: report_drc -file sgdh_traffic_light_top_fpga_drc_opted.rpt -pb sgdh_traffic_light_top_fpga_drc_opted.pb -rpx sgdh_traffic_light_top_fpga_drc_opted.rpx
INFO: [IP_Flow 19-234] Refreshing IP repositories
INFO: [IP_Flow 19-1704] No user IP repositories specified
INFO: [IP_Flow 19-2313] Loaded Vivado IP repository 'D:/Xilinx/Vivado/2022.1/data/ip'.
INFO: [Timing 38-35] Done setting XDC timing constraints.
INFO: [DRC 23-27] Running DRC with 2 threads
INFO: [Vivado_Tcl 2-168] The results of DRC are in file C:/fpga/SGDH_Traffic_Light/project_1/project_1.runs/impl_1/sgdh_traffic_light_top_fpga_drc_opted.rpt.
report_drc completed successfully
Command: place_design
Attempting to get a license for feature 'Implementation' and/or device 'xc7z020'
INFO: [Common 17-349] Got license for feature 'Implementation' and/or device 'xc7z020'
INFO: [DRC 23-27] Running DRC with 2 threads
INFO: [Vivado_Tcl 4-198] DRC finished with 0 Errors
INFO: [Vivado_Tcl 4-199] Please refer to the DRC report (report_drc) for more information.
Running DRC as a precondition to command place_design
INFO: [DRC 23-27] Running DRC with 2 threads
INFO: [Vivado_Tcl 4-198] DRC finished with 0 Errors
INFO: [Vivado_Tcl 4-199] Please refer to the DRC report (report_drc) for more information.

Starting Placer Task
INFO: [Place 30-611] Multithreading enabled for place_design using a maximum of 2 CPUs

Phase 1 Placer Initialization

Phase 1.1 Placer Initialization Netlist Sorting
Netlist sorting complete. Time (s): cpu = 00:00:00 ; elapsed = 00:00:00 . Memory (MB): peak = 1989.676 ; gain = 0.000
Phase 1.1 Placer Initialization Netlist Sorting | Checksum: fff9a42a

Time (s): cpu = 00:00:00 ; elapsed = 00:00:00.009 . Memory (MB): peak = 1989.676 ; gain = 0.000
Netlist sorting complete. Time (s): cpu = 00:00:00 ; elapsed = 00:00:00 . Memory (MB): peak = 1989.676 ; gain = 0.000

Phase 1.2 IO Placement/ Clock Placement/ Build Placer Device
Phase 1.2 IO Placement/ Clock Placement/ Build Placer Device | Checksum: 141f35bae

Time (s): cpu = 00:00:00 ; elapsed = 00:00:00.217 . Memory (MB): peak = 1989.676 ; gain = 0.000

Phase 1.3 Build Placer Netlist Model
Phase 1.3 Build Placer Netlist Model | Checksum: 14e7795bf

Time (s): cpu = 00:00:00 ; elapsed = 00:00:00.296 . Memory (MB): peak = 1989.676 ; gain = 0.000

Phase 1.4 Constrain Clocks/Macros
Phase 1.4 Constrain Clocks/Macros | Checksum: 14e7795bf

Time (s): cpu = 00:00:00 ; elapsed = 00:00:00.298 . Memory (MB): peak = 1989.676 ; gain = 0.000
Phase 1 Placer Initialization | Checksum: 14e7795bf

Time (s): cpu = 00:00:00 ; elapsed = 00:00:00.303 . Memory (MB): peak = 1989.676 ; gain = 0.000

Phase 2 Global Placement

Phase 2.1 Floorplanning
Phase 2.1 Floorplanning | Checksum: 22cc3abfe

Time (s): cpu = 00:00:00 ; elapsed = 00:00:00.344 . Memory (MB): peak = 1989.676 ; gain = 0.000

Phase 2.2 Update Timing before SLR Path Opt
Phase 2.2 Update Timing before SLR Path Opt | Checksum: 17c1bd17b

Time (s): cpu = 00:00:00 ; elapsed = 00:00:00.360 . Memory (MB): peak = 1989.676 ; gain = 0.000

Phase 2.3 Post-Processing in Floorplanning
Phase 2.3 Post-Processing in Floorplanning | Checksum: 17c1bd17b

Time (s): cpu = 00:00:00 ; elapsed = 00:00:00.361 . Memory (MB): peak = 1989.676 ; gain = 0.000

Phase 2.4 Global Placement Core

Phase 2.4.1 Physical Synthesis In Placer
INFO: [Physopt 32-1044] Break lutnm for timing: one critical 0, two critical 0, total 0, new lutff created 0
INFO: [Physopt 32-1138] End 1 Pass. Optimized 0 net or LUT. Breaked 0 LUT, combined 0 existing LUT and moved 0 existing LUT
INFO: [Physopt 32-65] No nets found for high-fanout optimization.
INFO: [Physopt 32-232] Optimized 0 net. Created 0 new instance.
INFO: [Physopt 32-775] End 1 Pass. Optimized 0 net or cell. Created 0 new cell, deleted 0 existing cell and moved 0 existing cell
INFO: [Physopt 32-670] No setup violation found.  DSP Register Optimization was not performed.
INFO: [Physopt 32-670] No setup violation found.  Shift Register to Pipeline Optimization was not performed.
INFO: [Physopt 32-670] No setup violation found.  Shift Register Optimization was not performed.
INFO: [Physopt 32-670] No setup violation found.  BRAM Register Optimization was not performed.
INFO: [Physopt 32-670] No setup violation found.  URAM Register Optimization was not performed.
INFO: [Physopt 32-949] No candidate nets found for dynamic/static region interface net replication
INFO: [Physopt 32-775] End 1 Pass. Optimized 0 net or cell. Created 0 new cell, deleted 0 existing cell and moved 0 existing cell
Netlist sorting complete. Time (s): cpu = 00:00:00 ; elapsed = 00:00:00 . Memory (MB): peak = 1989.676 ; gain = 0.000

Summary of Physical Synthesis Optimizations
============================================


-----------------------------------------------------------------------------------------------------------------------------------------------------------
|  Optimization                                     |  Added Cells  |  Removed Cells  |  Optimized Cells/Nets  |  Dont Touch  |  Iterations  |  Elapsed   |
-----------------------------------------------------------------------------------------------------------------------------------------------------------
|  LUT Combining                                    |            0  |              0  |                     0  |           0  |           1  |  00:00:00  |
|  Retime                                           |            0  |              0  |                     0  |           0  |           1  |  00:00:00  |
|  Very High Fanout                                 |            0  |              0  |                     0  |           0  |           1  |  00:00:00  |
|  DSP Register                                     |            0  |              0  |                     0  |           0  |           0  |  00:00:00  |
|  Shift Register to Pipeline                       |            0  |              0  |                     0  |           0  |           0  |  00:00:00  |
|  Shift Register                                   |            0  |              0  |                     0  |           0  |           0  |  00:00:00  |
|  BRAM Register                                    |            0  |              0  |                     0  |           0  |           0  |  00:00:00  |
|  URAM Register                                    |            0  |              0  |                     0  |           0  |           0  |  00:00:00  |
|  Dynamic/Static Region Interface Net Replication  |            0  |              0  |                     0  |           0  |           1  |  00:00:00  |
|  Total                                            |            0  |              0  |                     0  |           0  |           4  |  00:00:00  |
-----------------------------------------------------------------------------------------------------------------------------------------------------------


Phase 2.4.1 Physical Synthesis In Placer | Checksum: 1ce188155

Time (s): cpu = 00:00:00 ; elapsed = 00:00:00.685 . Memory (MB): peak = 1989.676 ; gain = 0.000
Phase 2.4 Global Placement Core | Checksum: 228564244

Time (s): cpu = 00:00:00 ; elapsed = 00:00:00.714 . Memory (MB): peak = 1989.676 ; gain = 0.000
Phase 2 Global Placement | Checksum: 228564244

Time (s): cpu = 00:00:00 ; elapsed = 00:00:00.719 . Memory (MB): peak = 1989.676 ; gain = 0.000

Phase 3 Detail Placement

Phase 3.1 Commit Multi Column Macros
Phase 3.1 Commit Multi Column Macros | Checksum: 1ce758095

Time (s): cpu = 00:00:00 ; elapsed = 00:00:00.741 . Memory (MB): peak = 1989.676 ; gain = 0.000

Phase 3.2 Commit Most Macros & LUTRAMs
Phase 3.2 Commit Most Macros & LUTRAMs | Checksum: 16ebfa283

Time (s): cpu = 00:00:00 ; elapsed = 00:00:00.778 . Memory (MB): peak = 1989.676 ; gain = 0.000

Phase 3.3 Area Swap Optimization
Phase 3.3 Area Swap Optimization | Checksum: 1502c35ed

Time (s): cpu = 00:00:00 ; elapsed = 00:00:00.781 . Memory (MB): peak = 1989.676 ; gain = 0.000

Phase 3.4 Pipeline Register Optimization
Phase 3.4 Pipeline Register Optimization | Checksum: 183bedfdd

Time (s): cpu = 00:00:00 ; elapsed = 00:00:00.782 . Memory (MB): peak = 1989.676 ; gain = 0.000

Phase 3.5 Small Shape Detail Placement
Phase 3.5 Small Shape Detail Placement | Checksum: 211d5261d

Time (s): cpu = 00:00:00 ; elapsed = 00:00:00.879 . Memory (MB): peak = 1989.676 ; gain = 0.000

Phase 3.6 Re-assign LUT pins
Phase 3.6 Re-assign LUT pins | Checksum: 165f8f6a2

Time (s): cpu = 00:00:00 ; elapsed = 00:00:00.886 . Memory (MB): peak = 1989.676 ; gain = 0.000

Phase 3.7 Pipeline Register Optimization
Phase 3.7 Pipeline Register Optimization | Checksum: f94e8d72

Time (s): cpu = 00:00:00 ; elapsed = 00:00:00.887 . Memory (MB): peak = 1989.676 ; gain = 0.000
Phase 3 Detail Placement | Checksum: f94e8d72

Time (s): cpu = 00:00:00 ; elapsed = 00:00:00.887 . Memory (MB): peak = 1989.676 ; gain = 0.000

Phase 4 Post Placement Optimization and Clean-Up

Phase 4.1 Post Commit Optimization
INFO: [Timing 38-35] Done setting XDC timing constraints.

Phase 4.1.1 Post Placement Optimization
Post Placement Optimization Initialization | Checksum: fd945bb7

Phase 4.1.1.1 BUFG Insertion

Starting Physical Synthesis Task

Phase 1 Physical Synthesis Initialization
INFO: [Physopt 32-721] Multithreading enabled for phys_opt_design using a maximum of 2 CPUs
INFO: [Physopt 32-619] Estimated Timing Summary | WNS=3.653 | TNS=0.000 |
Phase 1 Physical Synthesis Initialization | Checksum: 1e5a21a90

Time (s): cpu = 00:00:00 ; elapsed = 00:00:00.009 . Memory (MB): peak = 1989.676 ; gain = 0.000
INFO: [Place 46-56] BUFG insertion identified 0 candidate nets. Inserted BUFG: 0, Replicated BUFG Driver: 0, Skipped due to Placement/Routing Conflicts: 0, Skipped due to Timing Degradation: 0, Skipped due to Illegal Netlist: 0.
Ending Physical Synthesis Task | Checksum: 1e6a29e9d

Time (s): cpu = 00:00:00 ; elapsed = 00:00:00.012 . Memory (MB): peak = 1989.676 ; gain = 0.000
Phase 4.1.1.1 BUFG Insertion | Checksum: fd945bb7

Time (s): cpu = 00:00:00 ; elapsed = 00:00:00.961 . Memory (MB): peak = 1989.676 ; gain = 0.000

Phase 4.1.1.2 Post Placement Timing Optimization
INFO: [Place 30-746] Post Placement Timing Summary WNS=3.653. For the most accurate timing information please run report_timing.
Phase 4.1.1.2 Post Placement Timing Optimization | Checksum: 1bace078d

Time (s): cpu = 00:00:00 ; elapsed = 00:00:00.964 . Memory (MB): peak = 1989.676 ; gain = 0.000

Time (s): cpu = 00:00:00 ; elapsed = 00:00:00.964 . Memory (MB): peak = 1989.676 ; gain = 0.000
Phase 4.1 Post Commit Optimization | Checksum: 1bace078d

Time (s): cpu = 00:00:00 ; elapsed = 00:00:00.965 . Memory (MB): peak = 1989.676 ; gain = 0.000

Phase 4.2 Post Placement Cleanup
Phase 4.2 Post Placement Cleanup | Checksum: 1bace078d

Time (s): cpu = 00:00:00 ; elapsed = 00:00:00.968 . Memory (MB): peak = 1989.676 ; gain = 0.000

Phase 4.3 Placer Reporting

Phase 4.3.1 Print Estimated Congestion
INFO: [Place 30-612] Post-Placement Estimated Congestion 
 ____________________________________________________
|           | Global Congestion | Short Congestion  |
| Direction | Region Size       | Region Size       |
|___________|___________________|___________________|
|      North|                1x1|                1x1|
|___________|___________________|___________________|
|      South|                1x1|                1x1|
|___________|___________________|___________________|
|       East|                1x1|                1x1|
|___________|___________________|___________________|
|       West|                1x1|                1x1|
|___________|___________________|___________________|

Phase 4.3.1 Print Estimated Congestion | Checksum: 1bace078d

Time (s): cpu = 00:00:00 ; elapsed = 00:00:00.969 . Memory (MB): peak = 1989.676 ; gain = 0.000
Phase 4.3 Placer Reporting | Checksum: 1bace078d

Time (s): cpu = 00:00:00 ; elapsed = 00:00:00.969 . Memory (MB): peak = 1989.676 ; gain = 0.000

Phase 4.4 Final Placement Cleanup
Netlist sorting complete. Time (s): cpu = 00:00:00 ; elapsed = 00:00:00 . Memory (MB): peak = 1989.676 ; gain = 0.000

Time (s): cpu = 00:00:00 ; elapsed = 00:00:00.970 . Memory (MB): peak = 1989.676 ; gain = 0.000
Phase 4 Post Placement Optimization and Clean-Up | Checksum: 1c2a0d373

Time (s): cpu = 00:00:00 ; elapsed = 00:00:00.970 . Memory (MB): peak = 1989.676 ; gain = 0.000
Ending Placer Task | Checksum: eedc405f

Time (s): cpu = 00:00:00 ; elapsed = 00:00:00.971 . Memory (MB): peak = 1989.676 ; gain = 0.000
INFO: [Common 17-83] Releasing license: Implementation
60 Infos, 0 Warnings, 0 Critical Warnings and 0 Errors encountered.
place_design completed successfully
INFO: [Timing 38-480] Writing timing data to binary archive.
Writing XDEF routing.
Writing XDEF routing logical nets.
Writing XDEF routing special nets.
Write XDEF Complete: Time (s): cpu = 00:00:00 ; elapsed = 00:00:00.049 . Memory (MB): peak = 1989.676 ; gain = 0.000
INFO: [Common 17-1381] The checkpoint 'C:/fpga/SGDH_Traffic_Light/project_1/project_1.runs/impl_1/sgdh_traffic_light_top_fpga_placed.dcp' has been generated.
INFO: [runtcl-4] Executing : report_io -file sgdh_traffic_light_top_fpga_io_placed.rpt
report_io: Time (s): cpu = 00:00:00 ; elapsed = 00:00:00.039 . Memory (MB): peak = 1989.676 ; gain = 0.000
INFO: [runtcl-4] Executing : report_utilization -file sgdh_traffic_light_top_fpga_utilization_placed.rpt -pb sgdh_traffic_light_top_fpga_utilization_placed.pb
INFO: [runtcl-4] Executing : report_control_sets -verbose -file sgdh_traffic_light_top_fpga_control_sets_placed.rpt
report_control_sets: Time (s): cpu = 00:00:00 ; elapsed = 00:00:00.002 . Memory (MB): peak = 1989.676 ; gain = 0.000
Command: phys_opt_design
Attempting to get a license for feature 'Implementation' and/or device 'xc7z020'
INFO: [Common 17-349] Got license for feature 'Implementation' and/or device 'xc7z020'
INFO: [Vivado_Tcl 4-383] Design worst setup slack (WNS) is greater than or equal to 0.000 ns. Skipping all physical synthesis optimizations.
INFO: [Vivado_Tcl 4-232] No setup violation found. The netlist was not modified.
INFO: [Common 17-83] Releasing license: Implementation
69 Infos, 0 Warnings, 0 Critical Warnings and 0 Errors encountered.
phys_opt_design completed successfully
INFO: [Timing 38-480] Writing timing data to binary archive.
Writing XDEF routing.
Writing XDEF routing logical nets.
Writing XDEF routing special nets.
Write XDEF Complete: Time (s): cpu = 00:00:00 ; elapsed = 00:00:00.028 . Memory (MB): peak = 1997.219 ; gain = 7.543
INFO: [Common 17-1381] The checkpoint 'C:/fpga/SGDH_Traffic_Light/project_1/project_1.runs/impl_1/sgdh_traffic_light_top_fpga_physopt.dcp' has been generated.
Command: route_design
Attempting to get a license for feature 'Implementation' and/or device 'xc7z020'
INFO: [Common 17-349] Got license for feature 'Implementation' and/or device 'xc7z020'
Running DRC as a precondition to command route_design
INFO: [DRC 23-27] Running DRC with 2 threads
INFO: [Vivado_Tcl 4-198] DRC finished with 0 Errors
INFO: [Vivado_Tcl 4-199] Please refer to the DRC report (report_drc) for more information.


Starting Routing Task
INFO: [Route 35-254] Multithreading enabled for route_design using a maximum of 2 CPUs

Phase 1 Build RT Design
Checksum: PlaceDB: 178b6b4b ConstDB: 0 ShapeSum: d750d514 RouteDB: 0
Post Restoration Checksum: NetGraph: 3ad7cc5e NumContArr: 11f54319 Constraints: 0 Timing: 0
Phase 1 Build RT Design | Checksum: 4ccd0f77

Time (s): cpu = 00:00:06 ; elapsed = 00:00:13 . Memory (MB): peak = 2084.121 ; gain = 77.785

Phase 2 Router Initialization

Phase 2.1 Fix Topology Constraints
Phase 2.1 Fix Topology Constraints | Checksum: 4ccd0f77

Time (s): cpu = 00:00:06 ; elapsed = 00:00:13 . Memory (MB): peak = 2090.684 ; gain = 84.348

Phase 2.2 Pre Route Cleanup
Phase 2.2 Pre Route Cleanup | Checksum: 4ccd0f77

Time (s): cpu = 00:00:06 ; elapsed = 00:00:13 . Memory (MB): peak = 2090.684 ; gain = 84.348
 Number of Nodes with overlaps = 0

Phase 2.3 Update Timing
Phase 2.3 Update Timing | Checksum: a29dfec6

Time (s): cpu = 00:00:06 ; elapsed = 00:00:14 . Memory (MB): peak = 2103.703 ; gain = 97.367
INFO: [Route 35-416] Intermediate Timing Summary | WNS=3.675  | TNS=0.000  | WHS=-0.122 | THS=-0.722 |


Router Utilization Summary
  Global Vertical Routing Utilization    = 0 %
  Global Horizontal Routing Utilization  = 0 %
  Routable Net Status*
  *Does not include unroutable nets such as driverless and loadless.
  Run report_route_status for detailed report.
  Number of Failed Nets               = 92
    (Failed Nets is the sum of unrouted and partially routed nets)
  Number of Unrouted Nets             = 92
  Number of Partially Routed Nets     = 0
  Number of Node Overlaps             = 0

Phase 2 Router Initialization | Checksum: 164b4c0b7

Time (s): cpu = 00:00:06 ; elapsed = 00:00:14 . Memory (MB): peak = 2108.105 ; gain = 101.770

Phase 3 Initial Routing

Phase 3.1 Global Routing
Phase 3.1 Global Routing | Checksum: 164b4c0b7

Time (s): cpu = 00:00:06 ; elapsed = 00:00:14 . Memory (MB): peak = 2108.105 ; gain = 101.770
Phase 3 Initial Routing | Checksum: 19b74fb07

Time (s): cpu = 00:00:06 ; elapsed = 00:00:14 . Memory (MB): peak = 2108.105 ; gain = 101.770

Phase 4 Rip-up And Reroute

Phase 4.1 Global Iteration 0
 Number of Nodes with overlaps = 3
 Number of Nodes with overlaps = 0
INFO: [Route 35-416] Intermediate Timing Summary | WNS=3.540  | TNS=0.000  | WHS=N/A    | THS=N/A    |

Phase 4.1 Global Iteration 0 | Checksum: 226a5030d

Time (s): cpu = 00:00:06 ; elapsed = 00:00:14 . Memory (MB): peak = 2108.105 ; gain = 101.770
Phase 4 Rip-up And Reroute | Checksum: 226a5030d

Time (s): cpu = 00:00:06 ; elapsed = 00:00:14 . Memory (MB): peak = 2108.105 ; gain = 101.770

Phase 5 Delay and Skew Optimization

Phase 5.1 Delay CleanUp
Phase 5.1 Delay CleanUp | Checksum: 226a5030d

Time (s): cpu = 00:00:06 ; elapsed = 00:00:14 . Memory (MB): peak = 2108.105 ; gain = 101.770

Phase 5.2 Clock Skew Optimization
Phase 5.2 Clock Skew Optimization | Checksum: 226a5030d

Time (s): cpu = 00:00:06 ; elapsed = 00:00:14 . Memory (MB): peak = 2108.105 ; gain = 101.770
Phase 5 Delay and Skew Optimization | Checksum: 226a5030d

Time (s): cpu = 00:00:06 ; elapsed = 00:00:14 . Memory (MB): peak = 2108.105 ; gain = 101.770

Phase 6 Post Hold Fix

Phase 6.1 Hold Fix Iter

Phase 6.1.1 Update Timing
Phase 6.1.1 Update Timing | Checksum: 206e40034

Time (s): cpu = 00:00:06 ; elapsed = 00:00:14 . Memory (MB): peak = 2108.105 ; gain = 101.770
INFO: [Route 35-416] Intermediate Timing Summary | WNS=3.676  | TNS=0.000  | WHS=0.157  | THS=0.000  |

Phase 6.1 Hold Fix Iter | Checksum: 206e40034

Time (s): cpu = 00:00:06 ; elapsed = 00:00:14 . Memory (MB): peak = 2108.105 ; gain = 101.770
Phase 6 Post Hold Fix | Checksum: 206e40034

Time (s): cpu = 00:00:06 ; elapsed = 00:00:14 . Memory (MB): peak = 2108.105 ; gain = 101.770

Phase 7 Route finalize

Router Utilization Summary
  Global Vertical Routing Utilization    = 0.0176038 %
  Global Horizontal Routing Utilization  = 0.0117478 %
  Routable Net Status*
  *Does not include unroutable nets such as driverless and loadless.
  Run report_route_status for detailed report.
  Number of Failed Nets               = 0
    (Failed Nets is the sum of unrouted and partially routed nets)
  Number of Unrouted Nets             = 0
  Number of Partially Routed Nets     = 0
  Number of Node Overlaps             = 0

Phase 7 Route finalize | Checksum: 19c34ec49

Time (s): cpu = 00:00:06 ; elapsed = 00:00:14 . Memory (MB): peak = 2108.105 ; gain = 101.770

Phase 8 Verifying routed nets

 Verification completed successfully
Phase 8 Verifying routed nets | Checksum: 19c34ec49

Time (s): cpu = 00:00:06 ; elapsed = 00:00:14 . Memory (MB): peak = 2108.105 ; gain = 101.770

Phase 9 Depositing Routes
Phase 9 Depositing Routes | Checksum: 110b30d50

Time (s): cpu = 00:00:06 ; elapsed = 00:00:14 . Memory (MB): peak = 2108.105 ; gain = 101.770

Phase 10 Post Router Timing
INFO: [Route 35-57] Estimated Timing Summary | WNS=3.676  | TNS=0.000  | WHS=0.157  | THS=0.000  |

INFO: [Route 35-327] The final timing numbers are based on the router estimated timing analysis. For a complete and accurate timing signoff, please run report_timing_summary.
Phase 10 Post Router Timing | Checksum: 110b30d50

Time (s): cpu = 00:00:06 ; elapsed = 00:00:14 . Memory (MB): peak = 2108.105 ; gain = 101.770
INFO: [Route 35-16] Router Completed Successfully

Time (s): cpu = 00:00:06 ; elapsed = 00:00:14 . Memory (MB): peak = 2108.105 ; gain = 101.770

Routing Is Done.
INFO: [Common 17-83] Releasing license: Implementation
83 Infos, 0 Warnings, 0 Critical Warnings and 0 Errors encountered.
route_design completed successfully
route_design: Time (s): cpu = 00:00:06 ; elapsed = 00:00:14 . Memory (MB): peak = 2108.105 ; gain = 110.887
INFO: [Timing 38-480] Writing timing data to binary archive.
Writing XDEF routing.
Writing XDEF routing logical nets.
Writing XDEF routing special nets.
Write XDEF Complete: Time (s): cpu = 00:00:00 ; elapsed = 00:00:00.039 . Memory (MB): peak = 2117.766 ; gain = 9.660
INFO: [Common 17-1381] The checkpoint 'C:/fpga/SGDH_Traffic_Light/project_1/project_1.runs/impl_1/sgdh_traffic_light_top_fpga_routed.dcp' has been generated.
INFO: [runtcl-4] Executing : report_drc -file sgdh_traffic_light_top_fpga_drc_routed.rpt -pb sgdh_traffic_light_top_fpga_drc_routed.pb -rpx sgdh_traffic_light_top_fpga_drc_routed.rpx
Command: report_drc -file sgdh_traffic_light_top_fpga_drc_routed.rpt -pb sgdh_traffic_light_top_fpga_drc_routed.pb -rpx sgdh_traffic_light_top_fpga_drc_routed.rpx
INFO: [IP_Flow 19-1839] IP Catalog is up to date.
INFO: [DRC 23-27] Running DRC with 2 threads
INFO: [Vivado_Tcl 2-168] The results of DRC are in file C:/fpga/SGDH_Traffic_Light/project_1/project_1.runs/impl_1/sgdh_traffic_light_top_fpga_drc_routed.rpt.
report_drc completed successfully
INFO: [runtcl-4] Executing : report_methodology -file sgdh_traffic_light_top_fpga_methodology_drc_routed.rpt -pb sgdh_traffic_light_top_fpga_methodology_drc_routed.pb -rpx sgdh_traffic_light_top_fpga_methodology_drc_routed.rpx
Command: report_methodology -file sgdh_traffic_light_top_fpga_methodology_drc_routed.rpt -pb sgdh_traffic_light_top_fpga_methodology_drc_routed.pb -rpx sgdh_traffic_light_top_fpga_methodology_drc_routed.rpx
INFO: [Timing 38-35] Done setting XDC timing constraints.
INFO: [DRC 23-133] Running Methodology with 2 threads
INFO: [Vivado_Tcl 2-1520] The results of Report Methodology are in file C:/fpga/SGDH_Traffic_Light/project_1/project_1.runs/impl_1/sgdh_traffic_light_top_fpga_methodology_drc_routed.rpt.
report_methodology completed successfully
INFO: [runtcl-4] Executing : report_power -file sgdh_traffic_light_top_fpga_power_routed.rpt -pb sgdh_traffic_light_top_fpga_power_summary_routed.pb -rpx sgdh_traffic_light_top_fpga_power_routed.rpx
Command: report_power -file sgdh_traffic_light_top_fpga_power_routed.rpt -pb sgdh_traffic_light_top_fpga_power_summary_routed.pb -rpx sgdh_traffic_light_top_fpga_power_routed.rpx
INFO: [Timing 38-35] Done setting XDC timing constraints.
Running Vector-less Activity Propagation...

Finished Running Vector-less Activity Propagation
95 Infos, 0 Warnings, 0 Critical Warnings and 0 Errors encountered.
report_power completed successfully
INFO: [runtcl-4] Executing : report_route_status -file sgdh_traffic_light_top_fpga_route_status.rpt -pb sgdh_traffic_light_top_fpga_route_status.pb
INFO: [runtcl-4] Executing : report_timing_summary -max_paths 10 -report_unconstrained -file sgdh_traffic_light_top_fpga_timing_summary_routed.rpt -pb sgdh_traffic_light_top_fpga_timing_summary_routed.pb -rpx sgdh_traffic_light_top_fpga_timing_summary_routed.rpx -warn_on_violation 
INFO: [Timing 38-91] UpdateTimingParams: Speed grade: -1, Delay Type: min_max.
INFO: [Timing 38-191] Multithreading enabled for timing update using a maximum of 2 CPUs
INFO: [runtcl-4] Executing : report_incremental_reuse -file sgdh_traffic_light_top_fpga_incremental_reuse_routed.rpt
INFO: [Vivado_Tcl 4-1062] Incremental flow is disabled. No incremental reuse Info to report.
INFO: [runtcl-4] Executing : report_clock_utilization -file sgdh_traffic_light_top_fpga_clock_utilization_routed.rpt
INFO: [runtcl-4] Executing : report_bus_skew -warn_on_violation -file sgdh_traffic_light_top_fpga_bus_skew_routed.rpt -pb sgdh_traffic_light_top_fpga_bus_skew_routed.pb -rpx sgdh_traffic_light_top_fpga_bus_skew_routed.rpx
INFO: [Timing 38-91] UpdateTimingParams: Speed grade: -1, Delay Type: min_max.
INFO: [Timing 38-191] Multithreading enabled for timing update using a maximum of 2 CPUs
Command: write_bitstream -force sgdh_traffic_light_top_fpga.bit
Attempting to get a license for feature 'Implementation' and/or device 'xc7z020'
INFO: [Common 17-349] Got license for feature 'Implementation' and/or device 'xc7z020'
Running DRC as a precondition to command write_bitstream
INFO: [IP_Flow 19-1839] IP Catalog is up to date.
INFO: [DRC 23-27] Running DRC with 2 threads
WARNING: [DRC ZPS7-1] PS7 block required: The PS7 cell must be used in this Zynq design in order to enable correct default configuration.
INFO: [Vivado 12-3199] DRC finished with 0 Errors, 1 Warnings
INFO: [Vivado 12-3200] Please refer to the DRC report (report_drc) for more information.
INFO: [Designutils 20-2272] Running write_bitstream with 2 threads.
Loading data files...
Loading site data...
Loading route data...
Processing options...
Creating bitmap...
Creating bitstream...
Writing bitstream ./sgdh_traffic_light_top_fpga.bit...
INFO: [Vivado 12-1842] Bitgen Completed Successfully.
INFO: [Project 1-1876] WebTalk data collection is mandatory when using a ULT device. To see the specific WebTalk data collected for your design, open the usage_statistics_webtalk.html or usage_statistics_webtalk.xml file in the implementation directory.
INFO: [Common 17-83] Releasing license: Implementation
12 Infos, 1 Warnings, 0 Critical Warnings and 0 Errors encountered.
write_bitstream completed successfully
write_bitstream: Time (s): cpu = 00:00:02 ; elapsed = 00:00:07 . Memory (MB): peak = 2613.371 ; gain = 471.570
INFO: [Common 17-206] Exiting Vivado at Sat Feb  1 16:12:53 2025...
